#
# A fatal error has been detected by the Java Runtime Environment:
#
#  EXCEPTION_ACCESS_VIOLATION (0xc0000005) at pc=0x00007ffad63d8360, pid=6296, tid=0x00000000000027cc
#
# JRE version: Java(TM) SE Runtime Environment (8.0_221-b11) (build 1.8.0_221-b11)
# Java VM: Java HotSpot(TM) 64-Bit Server VM (25.221-b11 mixed mode windows-amd64 compressed oops)
# Problematic frame:
# C  [glass.dll+0x28360]
#
# Failed to write core dump. Minidumps are not enabled by default on client versions of Windows
#
# If you would like to submit a bug report, please visit:
#   http://bugreport.java.com/bugreport/crash.jsp
#

---------------  T H R E A D  ---------------

Current thread (0x0000000015656800):  VMThread [stack: 0x00000000160d0000,0x00000000161d0000] [id=10188]

siginfo: ExceptionCode=0xc0000005, reading address 0x0000000000000000

Registers:
RAX=0x0000000000000000, RBX=0x000000000322e970, RCX=0x0000000015656800, RDX=0x0000000062d324e8
RSP=0x00000000161cf0e0, RBP=0x000000000117b5d8, RSI=0x000000000117b5b0, RDI=0x00000cf37066682b
R8 =0x0000000000010002, R9 =0x000000000000002b, R10=0x00000cf37066682b, R11=0x00000000161ceff0
R12=0x0000000000000000, R13=0x0000000000000040, R14=0x00000000161cf1f8, R15=0x000000000117b5b0
RIP=0x00007ffad63d8360, EFLAGS=0x0000000000010206

Top of Stack: (sp=0x00000000161cf0e0)
0x00000000161cf0e0:   0000000000000000 00007ffaed1188db
0x00000000161cf0f0:   000000000117b5c0 0000000000000000
0x00000000161cf100:   fffffffffffffffe 00007ffad63ee1b0
0x00000000161cf110:   000000000117b5b8 00007ffaed11fcb3
0x00000000161cf120:   000000000117b5c0 0000000000000000
0x00000000161cf130:   000029c6bf424bd6 00000000015bbaa0
0x00000000161cf140:   fffffffffffffffe 00007ffaed11fb5d
0x00000000161cf150:   0000000000000001 00007ffad63b0000
0x00000000161cf160:   0000000003121638 00007ffad63d52e0
0x00000000161cf170:   00000000161cf1e8 00007ffaed11f967
0x00000000161cf180:   0000000000000000 00000000161cf1f8
0x00000000161cf190:   00000000155a6510 00007ffaed1fa080
0x00000000161cf1a0:   0000000000000000 00007ffaed11f924
0x00000000161cf1b0:   0000000000000000 0000000000000001
0x00000000161cf1c0:   00000000015bbaa0 00000000161cf1e8
0x00000000161cf1d0:   00000000015bbaa0 00007ffad63d514c 

Instructions: (pc=0x00007ffad63d8360)
0x00007ffad63d8340:   40 53 48 83 ec 30 48 c7 44 24 20 fe ff ff ff 48
0x00007ffad63d8350:   8b 1d ca 87 01 00 48 85 db 74 16 e8 90 7f ff ff
0x00007ffad63d8360:   4c 8b 00 48 8b d3 48 8b c8 41 ff 90 b0 00 00 00
0x00007ffad63d8370:   90 48 83 c4 30 5b c3 cc cc cc cc cc cc cc cc cc 


Register to memory mapping:

RAX=0x0000000000000000 is an unknown value
RBX=0x000000000322e970 is a global jni handle
RCX=0x0000000015656800 is an unknown value
RDX=0x0000000062d324e8 is an unknown value
RSP=0x00000000161cf0e0 is an unknown value
RBP=0x000000000117b5d8 is an unknown value
RSI=0x000000000117b5b0 is an unknown value
RDI=0x00000cf37066682b is an unknown value
R8 =0x0000000000010002 is an unknown value
R9 =0x000000000000002b is an unknown value
R10=0x00000cf37066682b is an unknown value
R11=0x00000000161ceff0 is an unknown value
R12=0x0000000000000000 is an unknown value
R13=0x0000000000000040 is an unknown value
R14=0x00000000161cf1f8 is an unknown value
R15=0x000000000117b5b0 is an unknown value


Stack: [0x00000000160d0000,0x00000000161d0000],  sp=0x00000000161cf0e0,  free space=1020k
Native frames: (J=compiled Java code, j=interpreted, Vv=VM code, C=native code)
C  [glass.dll+0x28360]
C  [ucrtbase.dll+0xfcb3]
C  [ucrtbase.dll+0xf967]
C  [ucrtbase.dll+0xf924]
C  [glass.dll+0x2514c]
C  [glass.dll+0x25290]
C  [ntdll.dll+0x3b583]
C  [ntdll.dll+0x47f85]
C  [ntdll.dll+0x47e48]
C  [KERNEL32.DLL+0x1ca7a]
C  [msvcr100.dll+0x20ccd]
V  [jvm.dll+0x213ee5]
V  [jvm.dll+0x24d517]
V  [jvm.dll+0x24c7b6]
V  [jvm.dll+0x24cc51]
V  [jvm.dll+0x24ce6e]
V  [jvm.dll+0x29fb8a]
C  [msvcr100.dll+0x21d9f]
C  [msvcr100.dll+0x21e3b]
C  [KERNEL32.DLL+0x14034]
C  [ntdll.dll+0x73691]

VM_Operation (0x000000002820f360): Exit, mode: safepoint, requested by thread 0x000000001ab3c800


---------------  P R O C E S S  ---------------

Java Threads: ( => current thread )
  0x000000001ab3d000 JavaThread "Glass/Prism Shutdown Hook" [_thread_blocked, id=2356, stack(0x0000000028210000,0x0000000028310000)]
  0x000000001ab3c800 JavaThread "SIGINT handler" daemon [_thread_blocked, id=6732, stack(0x0000000028110000,0x0000000028210000)]
  0x0000000017485000 JavaThread "Prism Font Disposer" daemon [_thread_blocked, id=3864, stack(0x000000001a610000,0x000000001a710000)]
  0x00000000173aa800 JavaThread "Thread-3" daemon [_thread_in_native, id=5392, stack(0x00000000190a0000,0x00000000191a0000)]
  0x00000000173a0800 JavaThread "JavaFX-Launcher" [_thread_blocked, id=216, stack(0x00000000191a0000,0x00000000192a0000)]
  0x0000000017270800 JavaThread "JavaFX Application Thread" [_thread_in_native, id=7936, stack(0x0000000017ef0000,0x0000000017ff0000)]
  0x000000001726f800 JavaThread "Thread-1" daemon [_thread_blocked, id=4308, stack(0x0000000017df0000,0x0000000017ef0000)]
  0x0000000017244800 JavaThread "QuantumRenderer-0" daemon [_thread_blocked, id=6164, stack(0x0000000017bb0000,0x0000000017cb0000)]
  0x0000000016a98800 JavaThread "Service Thread" daemon [_thread_blocked, id=8928, stack(0x0000000016fc0000,0x00000000170c0000)]
  0x0000000016a81800 JavaThread "C1 CompilerThread1" daemon [_thread_blocked, id=8836, stack(0x0000000016ec0000,0x0000000016fc0000)]
  0x0000000016a35800 JavaThread "C2 CompilerThread0" daemon [_thread_blocked, id=1188, stack(0x0000000016dc0000,0x0000000016ec0000)]
  0x00000000156ab800 JavaThread "JDWP Event Helper Thread" daemon [_thread_blocked, id=2020, stack(0x00000000167c0000,0x00000000168c0000)]
  0x0000000015693000 JavaThread "Attach Listener" daemon [_thread_blocked, id=9808, stack(0x00000000165c0000,0x00000000166c0000)]
  0x0000000003224000 JavaThread "Finalizer" daemon [_thread_blocked, id=1132, stack(0x00000000162d0000,0x00000000163d0000)]
  0x0000000015678000 JavaThread "Reference Handler" daemon [_thread_blocked, id=820, stack(0x00000000161d0000,0x00000000162d0000)]
  0x0000000003133800 JavaThread "main" [_thread_blocked, id=9520, stack(0x0000000002e60000,0x0000000002f60000)]

Other Threads:
=>0x0000000015656800 VMThread [stack: 0x00000000160d0000,0x00000000161d0000] [id=10188]

VM state:at safepoint (shutting down)

VM Mutex/Monitor currently owned by a thread:  ([mutex/lock_event])
[0x0000000003130550] Threads_lock - owner thread: 0x0000000015656800

heap address: 0x00000000c0400000, size: 1020 MB, Compressed Oops mode: 32-bit
Narrow klass base: 0x0000000000000000, Narrow klass shift: 3
Compressed class space size: 1073741824 Address: 0x0000000100000000

Heap:
 PSYoungGen      total 24064K, used 15100K [0x00000000eac00000, 0x00000000ecb00000, 0x0000000100000000)
  eden space 16384K, 81% used [0x00000000eac00000,0x00000000eb909b28,0x00000000ebc00000)
  from space 7680K, 22% used [0x00000000ec380000,0x00000000ec5356d0,0x00000000ecb00000)
  to   space 7680K, 0% used [0x00000000ebc00000,0x00000000ebc00000,0x00000000ec380000)
 ParOldGen       total 31744K, used 10708K [0x00000000c0400000, 0x00000000c2300000, 0x00000000eac00000)
  object space 31744K, 33% used [0x00000000c0400000,0x00000000c0e752c8,0x00000000c2300000)
 Metaspace       used 23007K, capacity 24642K, committed 24832K, reserved 1071104K
  class space    used 3280K, capacity 3566K, committed 3584K, reserved 1048576K

Card table byte_map: [0x00000000125f0000,0x00000000127f0000] byte_map_base: 0x0000000011fee000

Marking Bits: (ParMarkBitMap*) 0x0000000062f25ce0
 Begin Bits: [0x0000000012b50000, 0x0000000013b40000)
 End Bits:   [0x0000000013b40000, 0x0000000014b30000)

Polling page: 0x0000000001550000

CodeCache: size=245760Kb used=12249Kb max_used=12262Kb free=233510Kb
 bounds [0x0000000003230000, 0x0000000003e40000, 0x0000000012230000]
 total_blobs=4209 nmethods=3514 adapters=616
 compilation: enabled

Compilation events (10 events):
Event: 88.053 Thread 0x0000000016a81800 3822       3       javafx.scene.Parent::impl_pickNodeLocal (84 bytes)
Event: 88.055 Thread 0x0000000016a81800 nmethod 3822 0x0000000003e2a190 code [0x0000000003e2a3c0, 0x0000000003e2b048]
Event: 88.055 Thread 0x0000000016a81800 3823       3       java.lang.Math::min (12 bytes)
Event: 88.055 Thread 0x0000000016a81800 nmethod 3823 0x0000000003e28150 code [0x0000000003e282a0, 0x0000000003e28430]
Event: 88.078 Thread 0x0000000016a35800 3824       4       com.sun.javafx.event.EventHandlerManager::dispatchBubblingEvent (23 bytes)
Event: 88.121 Thread 0x0000000016a35800 nmethod 3824 0x0000000003e2f550 code [0x0000000003e2f7c0, 0x0000000003e30ef0]
Event: 88.142 Thread 0x0000000016a35800 3825       4       com.sun.javafx.event.BasicEventDispatcher::dispatchEvent (44 bytes)
Event: 88.145 Thread 0x0000000016a35800 nmethod 3825 0x0000000003e25750 code [0x0000000003e258c0, 0x0000000003e25cb8]
Event: 126.099 Thread 0x0000000016a35800 3826       4       java.util.HashMap$HashIterator::nextNode (100 bytes)
Event: 126.101 Thread 0x0000000016a35800 nmethod 3826 0x0000000003e2d6d0 code [0x0000000003e2d820, 0x0000000003e2da98]

GC Heap History (10 events):
Event: 3.089 GC heap before
{Heap before GC invocations=3 (full 0):
 PSYoungGen      total 18944K, used 18896K [0x00000000eac00000, 0x00000000ec100000, 0x0000000100000000)
  eden space 16384K, 99% used [0x00000000eac00000,0x00000000ebbfc218,0x00000000ebc00000)
  from space 2560K, 98% used [0x00000000ebe80000,0x00000000ec0f8030,0x00000000ec100000)
  to   space 2560K, 0% used [0x00000000ebc00000,0x00000000ebc00000,0x00000000ebe80000)
 ParOldGen       total 44032K, used 1016K [0x00000000c0400000, 0x00000000c2f00000, 0x00000000eac00000)
  object space 44032K, 2% used [0x00000000c0400000,0x00000000c04fe060,0x00000000c2f00000)
 Metaspace       used 15344K, capacity 15942K, committed 16256K, reserved 1062912K
  class space    used 2189K, capacity 2334K, committed 2432K, reserved 1048576K
Event: 3.095 GC heap after
Heap after GC invocations=3 (full 0):
 PSYoungGen      total 18944K, used 2528K [0x00000000eac00000, 0x00000000ec100000, 0x0000000100000000)
  eden space 16384K, 0% used [0x00000000eac00000,0x00000000eac00000,0x00000000ebc00000)
  from space 2560K, 98% used [0x00000000ebc00000,0x00000000ebe78020,0x00000000ebe80000)
  to   space 2560K, 0% used [0x00000000ebe80000,0x00000000ebe80000,0x00000000ec100000)
 ParOldGen       total 44032K, used 2312K [0x00000000c0400000, 0x00000000c2f00000, 0x00000000eac00000)
  object space 44032K, 5% used [0x00000000c0400000,0x00000000c0642218,0x00000000c2f00000)
 Metaspace       used 15344K, capacity 15942K, committed 16256K, reserved 1062912K
  class space    used 2189K, capacity 2334K, committed 2432K, reserved 1048576K
}
Event: 4.483 GC heap before
{Heap before GC invocations=4 (full 0):
 PSYoungGen      total 18944K, used 18912K [0x00000000eac00000, 0x00000000ec100000, 0x0000000100000000)
  eden space 16384K, 100% used [0x00000000eac00000,0x00000000ebc00000,0x00000000ebc00000)
  from space 2560K, 98% used [0x00000000ebc00000,0x00000000ebe78020,0x00000000ebe80000)
  to   space 2560K, 0% used [0x00000000ebe80000,0x00000000ebe80000,0x00000000ec100000)
 ParOldGen       total 44032K, used 2312K [0x00000000c0400000, 0x00000000c2f00000, 0x00000000eac00000)
  object space 44032K, 5% used [0x00000000c0400000,0x00000000c0642218,0x00000000c2f00000)
 Metaspace       used 18497K, capacity 19692K, committed 19968K, reserved 1067008K
  class space    used 2738K, capacity 2959K, committed 3072K, reserved 1048576K
Event: 4.491 GC heap after
Heap after GC invocations=4 (full 0):
 PSYoungGen      total 18944K, used 2544K [0x00000000eac00000, 0x00000000ec100000, 0x0000000100000000)
  eden space 16384K, 0% used [0x00000000eac00000,0x00000000eac00000,0x00000000ebc00000)
  from space 2560K, 99% used [0x00000000ebe80000,0x00000000ec0fc030,0x00000000ec100000)
  to   space 2560K, 0% used [0x00000000ebc00000,0x00000000ebc00000,0x00000000ebe80000)
 ParOldGen       total 44032K, used 4544K [0x00000000c0400000, 0x00000000c2f00000, 0x00000000eac00000)
  object space 44032K, 10% used [0x00000000c0400000,0x00000000c0870248,0x00000000c2f00000)
 Metaspace       used 18497K, capacity 19692K, committed 19968K, reserved 1067008K
  class space    used 2738K, capacity 2959K, committed 3072K, reserved 1048576K
}
Event: 41.759 GC heap before
{Heap before GC invocations=5 (full 0):
 PSYoungGen      total 18944K, used 11533K [0x00000000eac00000, 0x00000000ec100000, 0x0000000100000000)
  eden space 16384K, 54% used [0x00000000eac00000,0x00000000eb4c7708,0x00000000ebc00000)
  from space 2560K, 99% used [0x00000000ebe80000,0x00000000ec0fc030,0x00000000ec100000)
  to   space 2560K, 0% used [0x00000000ebc00000,0x00000000ebc00000,0x00000000ebe80000)
 ParOldGen       total 44032K, used 4544K [0x00000000c0400000, 0x00000000c2f00000, 0x00000000eac00000)
  object space 44032K, 10% used [0x00000000c0400000,0x00000000c0870248,0x00000000c2f00000)
 Metaspace       used 19929K, capacity 21226K, committed 21296K, reserved 1067008K
  class space    used 2930K, capacity 3160K, committed 3200K, reserved 1048576K
Event: 41.802 GC heap after
Heap after GC invocations=5 (full 0):
 PSYoungGen      total 18944K, used 2544K [0x00000000eac00000, 0x00000000ecb00000, 0x0000000100000000)
  eden space 16384K, 0% used [0x00000000eac00000,0x00000000eac00000,0x00000000ebc00000)
  from space 2560K, 99% used [0x00000000ebc00000,0x00000000ebe7c040,0x00000000ebe80000)
  to   space 7680K, 0% used [0x00000000ec380000,0x00000000ec380000,0x00000000ecb00000)
 ParOldGen       total 44032K, used 8513K [0x00000000c0400000, 0x00000000c2f00000, 0x00000000eac00000)
  object space 44032K, 19% used [0x00000000c0400000,0x00000000c0c50658,0x00000000c2f00000)
 Metaspace       used 19929K, capacity 21226K, committed 21296K, reserved 1067008K
  class space    used 2930K, capacity 3160K, committed 3200K, reserved 1048576K
}
Event: 41.802 GC heap before
{Heap before GC invocations=6 (full 1):
 PSYoungGen      total 18944K, used 2544K [0x00000000eac00000, 0x00000000ecb00000, 0x0000000100000000)
  eden space 16384K, 0% used [0x00000000eac00000,0x00000000eac00000,0x00000000ebc00000)
  from space 2560K, 99% used [0x00000000ebc00000,0x00000000ebe7c040,0x00000000ebe80000)
  to   space 7680K, 0% used [0x00000000ec380000,0x00000000ec380000,0x00000000ecb00000)
 ParOldGen       total 44032K, used 8513K [0x00000000c0400000, 0x00000000c2f00000, 0x00000000eac00000)
  object space 44032K, 19% used [0x00000000c0400000,0x00000000c0c50658,0x00000000c2f00000)
 Metaspace       used 19929K, capacity 21226K, committed 21296K, reserved 1067008K
  class space    used 2930K, capacity 3160K, committed 3200K, reserved 1048576K
Event: 41.922 GC heap after
Heap after GC invocations=6 (full 1):
 PSYoungGen      total 18944K, used 0K [0x00000000eac00000, 0x00000000ecb00000, 0x0000000100000000)
  eden space 16384K, 0% used [0x00000000eac00000,0x00000000eac00000,0x00000000ebc00000)
  from space 2560K, 0% used [0x00000000ebc00000,0x00000000ebc00000,0x00000000ebe80000)
  to   space 7680K, 0% used [0x00000000ec380000,0x00000000ec380000,0x00000000ecb00000)
 ParOldGen       total 31744K, used 10700K [0x00000000c0400000, 0x00000000c2300000, 0x00000000eac00000)
  object space 31744K, 33% used [0x00000000c0400000,0x00000000c0e732c8,0x00000000c2300000)
 Metaspace       used 19929K, capacity 21226K, committed 21296K, reserved 1067008K
  class space    used 2930K, capacity 3160K, committed 3200K, reserved 1048576K
}
Event: 60.720 GC heap before
{Heap before GC invocations=7 (full 1):
 PSYoungGen      total 18944K, used 16384K [0x00000000eac00000, 0x00000000ecb00000, 0x0000000100000000)
  eden space 16384K, 100% used [0x00000000eac00000,0x00000000ebc00000,0x00000000ebc00000)
  from space 2560K, 0% used [0x00000000ebc00000,0x00000000ebc00000,0x00000000ebe80000)
  to   space 7680K, 0% used [0x00000000ec380000,0x00000000ec380000,0x00000000ecb00000)
 ParOldGen       total 31744K, used 10700K [0x00000000c0400000, 0x00000000c2300000, 0x00000000eac00000)
  object space 31744K, 33% used [0x00000000c0400000,0x00000000c0e732c8,0x00000000c2300000)
 Metaspace       used 22351K, capacity 23836K, committed 24064K, reserved 1069056K
  class space    used 3204K, capacity 3469K, committed 3584K, reserved 1048576K
Event: 60.725 GC heap after
Heap after GC invocations=7 (full 1):
 PSYoungGen      total 24064K, used 1749K [0x00000000eac00000, 0x00000000ecb00000, 0x0000000100000000)
  eden space 16384K, 0% used [0x00000000eac00000,0x00000000eac00000,0x00000000ebc00000)
  from space 7680K, 22% used [0x00000000ec380000,0x00000000ec5356d0,0x00000000ecb00000)
  to   space 7680K, 0% used [0x00000000ebc00000,0x00000000ebc00000,0x00000000ec380000)
 ParOldGen       total 31744K, used 10708K [0x00000000c0400000, 0x00000000c2300000, 0x00000000eac00000)
  object space 31744K, 33% used [0x00000000c0400000,0x00000000c0e752c8,0x00000000c2300000)
 Metaspace       used 22351K, capacity 23836K, committed 24064K, reserved 1069056K
  class space    used 3204K, capacity 3469K, committed 3584K, reserved 1048576K
}

Deoptimization events (10 events):
Event: 52.190 Thread 0x0000000017270800 Uncommon trap: reason=unstable_if action=reinterpret pc=0x00000000036e4678 method=com.sun.javafx.css.BitSet.add(Ljava/lang/Object;)Z @ 91
Event: 52.239 Thread 0x0000000017270800 Uncommon trap: reason=bimorphic action=maybe_recompile pc=0x0000000003bec204 method=javafx.scene.Node.getGeomBounds(Lcom/sun/javafx/geom/BaseBounds;Lcom/sun/javafx/geom/transform/BaseTransform;)Lcom/sun/javafx/geom/BaseBounds; @ 1
Event: 52.239 Thread 0x0000000017270800 Uncommon trap: reason=unstable_if action=reinterpret pc=0x0000000003b33fe8 method=javafx.scene.Node.updateLocalToParentTransform()V @ 152
Event: 52.239 Thread 0x0000000017270800 Uncommon trap: reason=bimorphic action=maybe_recompile pc=0x0000000003bec204 method=javafx.scene.Node.getGeomBounds(Lcom/sun/javafx/geom/BaseBounds;Lcom/sun/javafx/geom/transform/BaseTransform;)Lcom/sun/javafx/geom/BaseBounds; @ 1
Event: 52.239 Thread 0x0000000017270800 Uncommon trap: reason=bimorphic action=maybe_recompile pc=0x0000000003bec204 method=javafx.scene.Node.getGeomBounds(Lcom/sun/javafx/geom/BaseBounds;Lcom/sun/javafx/geom/transform/BaseTransform;)Lcom/sun/javafx/geom/BaseBounds; @ 1
Event: 52.240 Thread 0x0000000017270800 Uncommon trap: reason=bimorphic action=maybe_recompile pc=0x0000000003bec204 method=javafx.scene.Node.getGeomBounds(Lcom/sun/javafx/geom/BaseBounds;Lcom/sun/javafx/geom/transform/BaseTransform;)Lcom/sun/javafx/geom/BaseBounds; @ 1
Event: 55.994 Thread 0x0000000017270800 Uncommon trap: reason=unstable_if action=reinterpret pc=0x0000000003964c1c method=com.sun.javafx.css.StyleManager$CacheContainer.getStyleMap(I)Lcom/sun/javafx/css/StyleMap; @ 22
Event: 55.994 Thread 0x0000000017270800 Uncommon trap: reason=unstable_if action=reinterpret pc=0x000000000399ffac method=com.sun.javafx.css.StyleManager$CacheContainer.getStyleMap(I)Lcom/sun/javafx/css/StyleMap; @ 22
Event: 57.503 Thread 0x0000000017270800 Uncommon trap: reason=unstable_if action=reinterpret pc=0x00000000035ac4f0 method=java.lang.String.indexOf([CII[CIII)I @ 3
Event: 60.947 Thread 0x0000000017270800 Uncommon trap: reason=unstable_if action=reinterpret pc=0x000000000352c298 method=javafx.scene.Node.impl_pickNode(Lcom/sun/javafx/geom/PickRay;Lcom/sun/javafx/scene/input/PickResultChooser;)V @ 11

Classes redefined (0 events):
No events

Internal exceptions (10 events):
Event: 1.811 Thread 0x0000000017270800 Exception <a 'java/lang/ArrayIndexOutOfBoundsException'> (0x00000000eb8b3200) thrown at [C:\re\workspace\8-2-build-windows-amd64-cygwin\jdk8u221\13320\hotspot\src\share\vm\runtime\sharedRuntime.cpp, line 605]
Event: 1.824 Thread 0x0000000017270800 Exception <a 'java/lang/ArrayIndexOutOfBoundsException'> (0x00000000eb90d8e0) thrown at [C:\re\workspace\8-2-build-windows-amd64-cygwin\jdk8u221\13320\hotspot\src\share\vm\runtime\sharedRuntime.cpp, line 605]
Event: 1.830 Thread 0x0000000017270800 Exception <a 'java/lang/ArrayIndexOutOfBoundsException'> (0x00000000eb93c028) thrown at [C:\re\workspace\8-2-build-windows-amd64-cygwin\jdk8u221\13320\hotspot\src\share\vm\runtime\sharedRuntime.cpp, line 605]
Event: 1.891 Thread 0x0000000017270800 Exception <a 'java/lang/ArrayIndexOutOfBoundsException'> (0x00000000ebb73d20) thrown at [C:\re\workspace\8-2-build-windows-amd64-cygwin\jdk8u221\13320\hotspot\src\share\vm\runtime\sharedRuntime.cpp, line 605]
Event: 1.891 Thread 0x0000000017270800 Exception <a 'java/lang/ArrayIndexOutOfBoundsException'> (0x00000000ebb768c0) thrown at [C:\re\workspace\8-2-build-windows-amd64-cygwin\jdk8u221\13320\hotspot\src\share\vm\runtime\sharedRuntime.cpp, line 605]
Event: 2.245 Thread 0x0000000017270800 Implicit null exception at 0x00000000035482b4 to 0x00000000035485e5
Event: 2.245 Thread 0x0000000017270800 Implicit null exception at 0x0000000003678b9e to 0x000000000367953d
Event: 3.550 Thread 0x0000000017270800 Implicit null exception at 0x000000000372a5ae to 0x000000000372a67d
Event: 3.800 Thread 0x0000000017270800 Implicit null exception at 0x00000000037f1dc7 to 0x00000000037f2a25
Event: 126.103 Thread 0x000000001ab3d000 Exception <a 'java/lang/IllegalStateException'> (0x00000000eb8fc2a0) thrown at [C:\re\workspace\8-2-build-windows-amd64-cygwin\jdk8u221\13320\hotspot\src\share\vm\prims\jvm.cpp, line 1506]

Events (10 events):
Event: 126.089 loading class java/util/IdentityHashMap$KeyIterator done
Event: 126.090 Thread 0x000000001ab3d000 Thread added: 0x000000001ab3d000
Event: 126.098 loading class com/sun/javafx/tk/quantum/QuantumRenderer
Event: 126.098 loading class com/sun/javafx/tk/quantum/QuantumRenderer done
Event: 126.102 Thread 0x0000000017244800 DEOPT PACKING pc=0x00000000039ae39c sp=0x0000000017caecc0
Event: 126.102 Thread 0x0000000017244800 DEOPT UNPACKING pc=0x00000000032775d0 sp=0x0000000017caea18 mode 1
Event: 126.103 loading class com/sun/javafx/tk/quantum/QuantumToolkit
Event: 126.103 loading class com/sun/javafx/tk/quantum/QuantumToolkit done
Event: 126.103 Thread 0x0000000015687000 Thread exited: 0x0000000015687000
Event: 126.104 Executing VM operation: Exit


Dynamic libraries:
0x00007ff6dd170000 - 0x00007ff6dd1a7000 	C:\Program Files\Java\jdk1.8.0_221\bin\java.exe
0x00007ffaf0610000 - 0x00007ffaf07f1000 	C:\WINDOWS\SYSTEM32\ntdll.dll
0x00007ffaf0030000 - 0x00007ffaf00e1000 	C:\WINDOWS\System32\KERNEL32.DLL
0x00007ffaed500000 - 0x00007ffaed773000 	C:\WINDOWS\System32\KERNELBASE.dll
0x00007ffaf0470000 - 0x00007ffaf0511000 	C:\WINDOWS\System32\ADVAPI32.dll
0x00007ffaf0340000 - 0x00007ffaf03de000 	C:\WINDOWS\System32\msvcrt.dll
0x00007ffaedac0000 - 0x00007ffaedb1b000 	C:\WINDOWS\System32\sechost.dll
0x00007ffaee400000 - 0x00007ffaee524000 	C:\WINDOWS\System32\RPCRT4.dll
0x00007ffaefca0000 - 0x00007ffaefe30000 	C:\WINDOWS\System32\USER32.dll
0x00007ffaed0f0000 - 0x00007ffaed110000 	C:\WINDOWS\System32\win32u.dll
0x00007ffaf0440000 - 0x00007ffaf0468000 	C:\WINDOWS\System32\GDI32.dll
0x00007ffaed8b0000 - 0x00007ffaeda41000 	C:\WINDOWS\System32\gdi32full.dll
0x00007ffaed400000 - 0x00007ffaed49f000 	C:\WINDOWS\System32\msvcp_win.dll
0x00007ffaed110000 - 0x00007ffaed208000 	C:\WINDOWS\System32\ucrtbase.dll
0x00007ffadb7f0000 - 0x00007ffadba59000 	C:\WINDOWS\WinSxS\amd64_microsoft.windows.common-controls_6595b64144ccf1df_6.0.17134.950_none_fb3da4273069d3e0\COMCTL32.dll
0x00007ffaedb80000 - 0x00007ffaedea2000 	C:\WINDOWS\System32\combase.dll
0x00007ffaed830000 - 0x00007ffaed8a9000 	C:\WINDOWS\System32\bcryptPrimitives.dll
0x00007ffaedeb0000 - 0x00007ffaededd000 	C:\WINDOWS\System32\IMM32.DLL
0x0000000062fb0000 - 0x0000000063082000 	C:\Program Files\Java\jdk1.8.0_221\jre\bin\msvcr100.dll
0x0000000062700000 - 0x0000000062fa5000 	C:\Program Files\Java\jdk1.8.0_221\jre\bin\server\jvm.dll
0x00007ffaee7d0000 - 0x00007ffaee7d8000 	C:\WINDOWS\System32\PSAPI.DLL
0x00007ffae91d0000 - 0x00007ffae91d9000 	C:\WINDOWS\SYSTEM32\WSOCK32.dll
0x00007ffaee5e0000 - 0x00007ffaee64c000 	C:\WINDOWS\System32\WS2_32.dll
0x00007ffaeabf0000 - 0x00007ffaeac13000 	C:\WINDOWS\SYSTEM32\WINMM.dll
0x00007ffae2d50000 - 0x00007ffae2d5a000 	C:\WINDOWS\SYSTEM32\VERSION.dll
0x00007ffaeab80000 - 0x00007ffaeabaa000 	C:\WINDOWS\SYSTEM32\WINMMBASE.dll
0x00007ffaeda50000 - 0x00007ffaeda99000 	C:\WINDOWS\System32\cfgmgr32.dll
0x00007ffae9050000 - 0x00007ffae905f000 	C:\Program Files\Java\jdk1.8.0_221\jre\bin\verify.dll
0x00007ffae8fc0000 - 0x00007ffae8fe9000 	C:\Program Files\Java\jdk1.8.0_221\jre\bin\java.dll
0x00007ffade000000 - 0x00007ffade035000 	C:\Program Files\Java\jdk1.8.0_221\jre\bin\jdwp.dll
0x00007ffae6700000 - 0x00007ffae6708000 	C:\Program Files\Java\jdk1.8.0_221\jre\bin\npt.dll
0x00007ffaddb10000 - 0x00007ffaddb33000 	C:\Program Files\Java\jdk1.8.0_221\jre\bin\instrument.dll
0x00007ffae6750000 - 0x00007ffae6766000 	C:\Program Files\Java\jdk1.8.0_221\jre\bin\zip.dll
0x00007ffaee7e0000 - 0x00007ffaefc20000 	C:\WINDOWS\System32\SHELL32.dll
0x00007ffaee530000 - 0x00007ffaee5d9000 	C:\WINDOWS\System32\shcore.dll
0x00007ffaec9e0000 - 0x00007ffaed0ed000 	C:\WINDOWS\System32\windows.storage.dll
0x00007ffaf03e0000 - 0x00007ffaf0431000 	C:\WINDOWS\System32\shlwapi.dll
0x00007ffaec960000 - 0x00007ffaec971000 	C:\WINDOWS\System32\kernel.appcore.dll
0x00007ffaec920000 - 0x00007ffaec93f000 	C:\WINDOWS\System32\profapi.dll
0x00007ffaec980000 - 0x00007ffaec9cc000 	C:\WINDOWS\System32\powrprof.dll
0x00007ffaec9d0000 - 0x00007ffaec9da000 	C:\WINDOWS\System32\FLTLIB.DLL
0x00007ffade260000 - 0x00007ffade269000 	C:\Program Files\Java\jdk1.8.0_221\jre\bin\dt_socket.dll
0x00007ffaec140000 - 0x00007ffaec1a6000 	C:\WINDOWS\system32\mswsock.dll
0x0000000002f70000 - 0x0000000002f73000 	C:\Program Files\Java\jdk1.8.0_221\jre\bin\api-ms-win-core-console-l1-1-0.dll
0x0000000003090000 - 0x0000000003093000 	C:\Program Files\Java\jdk1.8.0_221\jre\bin\api-ms-win-core-datetime-l1-1-0.dll
0x00000000030b0000 - 0x00000000030b3000 	C:\Program Files\Java\jdk1.8.0_221\jre\bin\api-ms-win-core-debug-l1-1-0.dll
0x00000000030c0000 - 0x00000000030c3000 	C:\Program Files\Java\jdk1.8.0_221\jre\bin\api-ms-win-core-errorhandling-l1-1-0.dll
0x00000000030d0000 - 0x00000000030d4000 	C:\Program Files\Java\jdk1.8.0_221\jre\bin\api-ms-win-core-file-l1-1-0.dll
0x00000000030e0000 - 0x00000000030e3000 	C:\Program Files\Java\jdk1.8.0_221\jre\bin\api-ms-win-core-file-l1-2-0.dll
0x00000000030f0000 - 0x00000000030f3000 	C:\Program Files\Java\jdk1.8.0_221\jre\bin\api-ms-win-core-file-l2-1-0.dll
0x0000000003100000 - 0x0000000003103000 	C:\Program Files\Java\jdk1.8.0_221\jre\bin\api-ms-win-core-handle-l1-1-0.dll
0x0000000003110000 - 0x0000000003113000 	C:\Program Files\Java\jdk1.8.0_221\jre\bin\api-ms-win-core-heap-l1-1-0.dll
0x00000000179c0000 - 0x00000000179c3000 	C:\Program Files\Java\jdk1.8.0_221\jre\bin\api-ms-win-core-interlocked-l1-1-0.dll
0x00000000179d0000 - 0x00000000179d3000 	C:\Program Files\Java\jdk1.8.0_221\jre\bin\api-ms-win-core-libraryloader-l1-1-0.dll
0x00000000179e0000 - 0x00000000179e3000 	C:\Program Files\Java\jdk1.8.0_221\jre\bin\api-ms-win-core-localization-l1-2-0.dll
0x00000000179f0000 - 0x00000000179f3000 	C:\Program Files\Java\jdk1.8.0_221\jre\bin\api-ms-win-core-memory-l1-1-0.dll
0x0000000017a00000 - 0x0000000017a03000 	C:\Program Files\Java\jdk1.8.0_221\jre\bin\api-ms-win-core-namedpipe-l1-1-0.dll
0x0000000017a10000 - 0x0000000017a13000 	C:\Program Files\Java\jdk1.8.0_221\jre\bin\api-ms-win-core-processenvironment-l1-1-0.dll
0x0000000017a20000 - 0x0000000017a23000 	C:\Program Files\Java\jdk1.8.0_221\jre\bin\api-ms-win-core-processthreads-l1-1-0.dll
0x0000000017a30000 - 0x0000000017a33000 	C:\Program Files\Java\jdk1.8.0_221\jre\bin\api-ms-win-core-processthreads-l1-1-1.dll
0x0000000017a40000 - 0x0000000017a43000 	C:\Program Files\Java\jdk1.8.0_221\jre\bin\api-ms-win-core-profile-l1-1-0.dll
0x0000000017a50000 - 0x0000000017a53000 	C:\Program Files\Java\jdk1.8.0_221\jre\bin\api-ms-win-core-rtlsupport-l1-1-0.dll
0x0000000017a60000 - 0x0000000017a63000 	C:\Program Files\Java\jdk1.8.0_221\jre\bin\api-ms-win-core-string-l1-1-0.dll
0x0000000017a70000 - 0x0000000017a73000 	C:\Program Files\Java\jdk1.8.0_221\jre\bin\api-ms-win-core-synch-l1-1-0.dll
0x0000000017a80000 - 0x0000000017a83000 	C:\Program Files\Java\jdk1.8.0_221\jre\bin\api-ms-win-core-synch-l1-2-0.dll
0x0000000017a90000 - 0x0000000017a93000 	C:\Program Files\Java\jdk1.8.0_221\jre\bin\api-ms-win-core-sysinfo-l1-1-0.dll
0x0000000017aa0000 - 0x0000000017aa3000 	C:\Program Files\Java\jdk1.8.0_221\jre\bin\api-ms-win-core-timezone-l1-1-0.dll
0x0000000017ab0000 - 0x0000000017ab3000 	C:\Program Files\Java\jdk1.8.0_221\jre\bin\api-ms-win-core-util-l1-1-0.dll
0x0000000017ac0000 - 0x0000000017ac3000 	C:\Program Files\Java\jdk1.8.0_221\jre\bin\api-ms-win-crt-conio-l1-1-0.dll
0x0000000017ad0000 - 0x0000000017ad4000 	C:\Program Files\Java\jdk1.8.0_221\jre\bin\api-ms-win-crt-convert-l1-1-0.dll
0x0000000017ae0000 - 0x0000000017ae3000 	C:\Program Files\Java\jdk1.8.0_221\jre\bin\api-ms-win-crt-environment-l1-1-0.dll
0x0000000017af0000 - 0x0000000017af3000 	C:\Program Files\Java\jdk1.8.0_221\jre\bin\api-ms-win-crt-filesystem-l1-1-0.dll
0x0000000017b00000 - 0x0000000017b03000 	C:\Program Files\Java\jdk1.8.0_221\jre\bin\api-ms-win-crt-heap-l1-1-0.dll
0x0000000017b10000 - 0x0000000017b13000 	C:\Program Files\Java\jdk1.8.0_221\jre\bin\api-ms-win-crt-locale-l1-1-0.dll
0x0000000017b20000 - 0x0000000017b25000 	C:\Program Files\Java\jdk1.8.0_221\jre\bin\api-ms-win-crt-math-l1-1-0.dll
0x0000000017b30000 - 0x0000000017b35000 	C:\Program Files\Java\jdk1.8.0_221\jre\bin\api-ms-win-crt-multibyte-l1-1-0.dll
0x0000000017b40000 - 0x0000000017b50000 	C:\Program Files\Java\jdk1.8.0_221\jre\bin\api-ms-win-crt-private-l1-1-0.dll
0x0000000017b50000 - 0x0000000017b53000 	C:\Program Files\Java\jdk1.8.0_221\jre\bin\api-ms-win-crt-process-l1-1-0.dll
0x0000000017b60000 - 0x0000000017b64000 	C:\Program Files\Java\jdk1.8.0_221\jre\bin\api-ms-win-crt-runtime-l1-1-0.dll
0x0000000017b70000 - 0x0000000017b74000 	C:\Program Files\Java\jdk1.8.0_221\jre\bin\api-ms-win-crt-stdio-l1-1-0.dll
0x0000000017b80000 - 0x0000000017b84000 	C:\Program Files\Java\jdk1.8.0_221\jre\bin\api-ms-win-crt-string-l1-1-0.dll
0x0000000017b90000 - 0x0000000017b93000 	C:\Program Files\Java\jdk1.8.0_221\jre\bin\api-ms-win-crt-time-l1-1-0.dll
0x0000000017ba0000 - 0x0000000017ba3000 	C:\Program Files\Java\jdk1.8.0_221\jre\bin\api-ms-win-crt-utility-l1-1-0.dll
0x00007ffac4da0000 - 0x00007ffac4e96000 	C:\Program Files\Java\jdk1.8.0_221\jre\bin\ucrtbase.dll
0x00007ffaddaf0000 - 0x00007ffaddb06000 	C:\Program Files\Java\jdk1.8.0_221\jre\bin\vcruntime140.dll
0x00007ffac5f30000 - 0x00007ffac5fda000 	C:\Program Files\Java\jdk1.8.0_221\jre\bin\msvcp140.dll
0x00007ffac8140000 - 0x00007ffac8194000 	C:\Program Files\Java\jdk1.8.0_221\jre\bin\concrt140.dll
0x00007ffadce30000 - 0x00007ffadce53000 	C:\Program Files\Java\jdk1.8.0_221\jre\bin\prism_d3d.dll
0x00007ffac4810000 - 0x00007ffac49a7000 	C:\WINDOWS\system32\d3d9.dll
0x00007ffaeafe0000 - 0x00007ffaeb009000 	C:\WINDOWS\SYSTEM32\dwmapi.dll
0x00007ffaeaf10000 - 0x00007ffaeafa8000 	C:\WINDOWS\system32\uxtheme.dll
0x00007ffad63b0000 - 0x00007ffad63f9000 	C:\Program Files\Java\jdk1.8.0_221\jre\bin\glass.dll
0x00007ffaf00f0000 - 0x00007ffaf01dd000 	C:\WINDOWS\System32\COMDLG32.dll
0x00007ffaf01e0000 - 0x00007ffaf0331000 	C:\WINDOWS\System32\ole32.dll
0x00007ffaee330000 - 0x00007ffaee3f2000 	C:\WINDOWS\System32\OLEAUT32.dll
0x00007ffaee650000 - 0x00007ffaee7c3000 	C:\WINDOWS\System32\MSCTF.dll
0x00007ffae3500000 - 0x00007ffae3515000 	C:\Program Files (x86)\Parallels\Parallels Tools\Services\prl_hook.dll
0x00007ffadce10000 - 0x00007ffadce24000 	C:\Program Files\Java\jdk1.8.0_221\jre\bin\javafx_font.dll
0x00007ffaddbb0000 - 0x00007ffaddeca000 	C:\WINDOWS\SYSTEM32\dwrite.dll
0x00007ffaf0540000 - 0x00007ffaf05e0000 	C:\WINDOWS\System32\clbcatq.dll
0x00007ffae6f90000 - 0x00007ffae713e000 	C:\WINDOWS\SYSTEM32\WindowsCodecs.dll
0x00007ffad4630000 - 0x00007ffad4688000 	C:\WINDOWS\system32\dataexchange.dll
0x00007ffae9630000 - 0x00007ffae993b000 	C:\WINDOWS\system32\d3d11.dll
0x00007ffaea7e0000 - 0x00007ffaea97c000 	C:\WINDOWS\system32\dcomp.dll
0x00007ffaeb6b0000 - 0x00007ffaeb76b000 	C:\WINDOWS\system32\dxgi.dll
0x00007ffaeb010000 - 0x00007ffaeb1c8000 	C:\WINDOWS\system32\twinapi.appcore.dll
0x00007ffaeb280000 - 0x00007ffaeb2a1000 	C:\WINDOWS\system32\RMCLIENT.dll
0x00007ffad9cc0000 - 0x00007ffad9cf4000 	C:\Program Files\Common Files\Microsoft Shared\Ink\rtscom.dll
0x00007ffae5ba0000 - 0x00007ffae5c36000 	C:\WINDOWS\System32\TextInputFramework.dll
0x00007ffae6140000 - 0x00007ffae645e000 	C:\WINDOWS\System32\CoreUIComponents.dll
0x00007ffaea980000 - 0x00007ffaeaa5a000 	C:\WINDOWS\System32\CoreMessaging.dll
0x00007ffaeba10000 - 0x00007ffaeba41000 	C:\WINDOWS\SYSTEM32\ntmarta.dll
0x00007ffae8e50000 - 0x00007ffae8f9d000 	C:\WINDOWS\SYSTEM32\wintypes.dll
0x00007ffad9db0000 - 0x00007ffad9e1b000 	C:\WINDOWS\system32\Oleacc.dll
0x00007ffae9940000 - 0x00007ffae9f07000 	C:\WINDOWS\SYSTEM32\d2d1.dll
0x00007ffaccf70000 - 0x00007ffacd6ee000 	C:\WINDOWS\SYSTEM32\D3D10Warp.dll
0x00007ffadb6e0000 - 0x00007ffadb6f1000 	C:\Program Files\Java\jdk1.8.0_221\jre\bin\prism_common.dll
0x00007ffada230000 - 0x00007ffada2d5000 	C:\Program Files\Common Files\microsoft shared\ink\tiptsf.dll
0x00007ffada2e0000 - 0x00007ffada2ec000 	C:\WINDOWS\SYSTEM32\atlthunk.dll
0x00007ffad40e0000 - 0x00007ffad4124000 	C:\WINDOWS\SYSTEM32\edputil.dll
0x00007ffad4190000 - 0x00007ffad4626000 	C:\WINDOWS\system32\explorerframe.dll
0x00007ffadaa10000 - 0x00007ffadabbb000 	C:\WINDOWS\system32\DUI70.dll
0x00007ffada8b0000 - 0x00007ffada943000 	C:\WINDOWS\system32\DUser.dll
0x00007ffad4130000 - 0x00007ffad418c000 	C:\Windows\System32\thumbcache.dll
0x00007ffae7a70000 - 0x00007ffae7aef000 	C:\WINDOWS\SYSTEM32\policymanager.dll
0x00007ffae9f10000 - 0x00007ffae9fa1000 	C:\WINDOWS\SYSTEM32\msvcp110_win.dll
0x00007ffadc140000 - 0x00007ffadc2c9000 	C:\Windows\System32\Windows.Globalization.dll
0x00007ffae4ca0000 - 0x00007ffae4cc9000 	C:\Windows\System32\bcp47mrm.dll

VM Arguments:
jvm_args: -agentlib:jdwp=transport=dt_socket,address=127.0.0.1:52927,suspend=y,server=n -javaagent:C:\Users\ofircohen\.IntelliJIdea2019.2\system\captureAgent\debugger-agent.jar -Dfile.encoding=UTF-8 
java_command: Main
java_class_path (initial): C:\Program Files\Java\jdk1.8.0_221\jre\lib\charsets.jar;C:\Program Files\Java\jdk1.8.0_221\jre\lib\deploy.jar;C:\Program Files\Java\jdk1.8.0_221\jre\lib\ext\access-bridge-64.jar;C:\Program Files\Java\jdk1.8.0_221\jre\lib\ext\cldrdata.jar;C:\Program Files\Java\jdk1.8.0_221\jre\lib\ext\dnsns.jar;C:\Program Files\Java\jdk1.8.0_221\jre\lib\ext\jaccess.jar;C:\Program Files\Java\jdk1.8.0_221\jre\lib\ext\jfxrt.jar;C:\Program Files\Java\jdk1.8.0_221\jre\lib\ext\localedata.jar;C:\Program Files\Java\jdk1.8.0_221\jre\lib\ext\nashorn.jar;C:\Program Files\Java\jdk1.8.0_221\jre\lib\ext\sunec.jar;C:\Program Files\Java\jdk1.8.0_221\jre\lib\ext\sunjce_provider.jar;C:\Program Files\Java\jdk1.8.0_221\jre\lib\ext\sunmscapi.jar;C:\Program Files\Java\jdk1.8.0_221\jre\lib\ext\sunpkcs11.jar;C:\Program Files\Java\jdk1.8.0_221\jre\lib\ext\zipfs.jar;C:\Program Files\Java\jdk1.8.0_221\jre\lib\javaws.jar;C:\Program Files\Java\jdk1.8.0_221\jre\lib\jce.jar;C:\Program Files\Java\jdk1.8.0_221\jre\lib\jfr.jar;C:\Program Files\Java\jdk1.8.0_221\jre\lib\jfxswt.jar;C:\Program Files\Java\jdk1.8.0_221\jre\lib\jsse.jar;C:\Program Files\Java\jdk1.8.0_221\jre\lib\management-agent.jar;C:\Program Files\Java\jdk1.8.0_221\jre\lib\plugin.jar;C:\Program Files\Java\jdk1.8.0_221\jre\lib\resources.jar;C:\Program Files\Java\jdk1.8.0_221\jre\lib\rt.jar;Y:\IdeaProjects\MAGit\out\production\GUI;Y:\IdeaProjects\MAGit\out\production\Engine;Y:\IdeaProjects\MAGit\Engine\src\Engine\external\commons-io-2.6.jar;Y:\IdeaProjects\MAGit\Engine\src\Engine\external\commons-collections4-4.3.jar;Y:\IdeaProjects\MAGit\Engine\src\Engine\external\commons-codec-1.12.jar;Y:\IdeaProjects\MAGit\Engine\src\Engine\external\AncestorFinder.jar;Y:\IdeaProjects\MAGit\GUI\src\external\fxgraph-0.0.3.jar;C:\Program Files\JetBrains\IntelliJ IDEA 2019.2\lib\idea_rt.jar;C:\Users\ofircohen\.IntelliJIdea2019.2\system\captureAgent\debugger-agent.jar
Launcher Type: SUN_STANDARD

Environment Variables:
PATH=C:\Program Files\JetBrains\IntelliJ IDEA 2019.2\jbr\\bin;C:\Program Files\JetBrains\IntelliJ IDEA 2019.2\jbr\\bin\server;C:\Program Files (x86)\Common Files\Oracle\Java\javapath;C:\Program Files (x86)\Parallels\Parallels Tools\Applications;C:\WINDOWS\system32;C:\WINDOWS;C:\WINDOWS\System32\Wbem;C:\WINDOWS\System32\WindowsPowerShell\v1.0\;C:\WINDOWS\System32\OpenSSH\;C:\Program Files\dotnet\;C:\Program Files\Microsoft SQL Server\130\Tools\Binn\;C:\Program Files\Git\cmd;C:\Users\ofircohen\AppData\Local\Microsoft\WindowsApps;C:\Users\ofircohen\AppData\Local\atom\bin
USERNAME=ofircohen
OS=Windows_NT
PROCESSOR_IDENTIFIER=Intel64 Family 6 Model 142 Stepping 9, GenuineIntel



---------------  S Y S T E M  ---------------

OS: Windows 10.0 , 64 bit Build 17134 (10.0.17134.753)

CPU:total 2 (initial active 2) (2 cores per cpu, 1 threads per core) family 6 model 142 stepping 9, cmov, cx8, fxsr, mmx, sse, sse2, sse3, ssse3, sse4.1, sse4.2, popcnt, avx, avx2, aes, clmul, erms, 3dnowpref, lzcnt, tsc, bmi1, bmi2, adx

Memory: 4k page, physical 4171092k(450912k free), swap 7479840k(1426204k free)

vm_info: Java HotSpot(TM) 64-Bit Server VM (25.221-b11) for windows-amd64 JRE (1.8.0_221-b11), built on Jul  4 2019 04:39:29 by "java_re" with MS VC++ 10.0 (VS2010)

time: Mon Sep 16 17:17:30 2019
timezone: Jerusalem Summer Time
elapsed time: 126 seconds (0d 0h 2m 6s)

